#
# There is insufficient memory for the Java Runtime Environment to continue.
# Native memory allocation (malloc) failed to allocate 1048576 bytes for AllocateHeap
# Possible reasons:
#   The system is out of physical RAM or swap space
#   In 32 bit mode, the process size limit was hit
# Possible solutions:
#   Reduce memory load on the system
#   Increase physical memory or swap space
#   Check if swap backing store is full
#   Use 64 bit Java on a 64 bit OS
#   Decrease Java heap size (-Xmx/-Xms)
#   Decrease number of Java threads
#   Decrease Java thread stack sizes (-Xss)
#   Set larger code cache with -XX:ReservedCodeCacheSize=
# This output file may be truncated or incomplete.
#
#  Out of Memory Error (memory/allocation.inline.hpp:61), pid=6600, tid=0x00000000000033a4
#
# JRE version:  (8.0_144-b01) (build )
# Java VM: Java HotSpot(TM) 64-Bit Server VM (25.144-b01 mixed mode windows-amd64 compressed oops)
# Failed to write core dump. Minidumps are not enabled by default on client versions of Windows
#

---------------  T H R E A D  ---------------

Current thread (0x0000000002cc2800):  JavaThread "Unknown thread" [_thread_in_vm, id=13220, stack(0x0000000002ac0000,0x0000000002bc0000)]

Stack: [0x0000000002ac0000,0x0000000002bc0000]
[error occurred during error reporting (printing stack bounds), id 0xc0000005]

Native frames: (J=compiled Java code, j=interpreted, Vv=VM code, C=native code)


---------------  P R O C E S S  ---------------

Java Threads: ( => current thread )

Other Threads:

=>0x0000000002cc2800 (exited) JavaThread "Unknown thread" [_thread_in_vm, id=13220, stack(0x0000000002ac0000,0x0000000002bc0000)]

VM state:not at safepoint (normal execution)

VM Mutex/Monitor currently owned by a thread: None

Heap:
 PSYoungGen      total 38400K, used 665K [0x00000000d5f80000, 0x00000000d8a00000, 0x0000000100000000)
  eden space 33280K, 2% used [0x00000000d5f80000,0x00000000d6026670,0x00000000d8000000)
  from space 5120K, 0% used [0x00000000d8500000,0x00000000d8500000,0x00000000d8a00000)
  to   space 5120K, 0% used [0x00000000d8000000,0x00000000d8000000,0x00000000d8500000)
 ParOldGen       total 87552K, used 0K [0x0000000081e00000, 0x0000000087380000, 0x00000000d5f80000)
  object space 87552K, 0% used [0x0000000081e00000,0x0000000081e00000,0x0000000087380000)
 Metaspace       used 770K, capacity 4480K, committed 4480K, reserved 1056768K
  class space    used 75K, capacity 384K, committed 384K, reserved 1048576K

Card table byte_map: [0x0000000012180000,0x0000000012580000] byte_map_base: 0x0000000011d71000

Marking Bits: (ParMarkBitMap*) 0x000000006a62d850
 Begin Bits: [0x0000000012c30000, 0x0000000014bb8000)
 End Bits:   [0x0000000014bb8000, 0x0000000016b40000)

Polling page: 0x00000000012b0000

CodeCache: size=245760Kb used=328Kb max_used=328Kb free=245431Kb
 bounds [0x0000000002dc0000, 0x0000000003030000, 0x0000000011dc0000]
 total_blobs=58 nmethods=0 adapters=38
 compilation: enabled

Compilation events (0 events):
No events

GC Heap History (0 events):
No events

Deoptimization events (0 events):
No events

Internal exceptions (0 events):
No events

Events (10 events):
Event: 0.031 loading class java/lang/Short
Event: 0.031 loading class java/lang/Short done
Event: 0.031 loading class java/lang/Integer
Event: 0.031 loading class java/lang/Integer done
Event: 0.031 loading class java/lang/Long
Event: 0.032 loading class java/lang/Long done
Event: 0.033 loading class java/lang/NullPointerException
Event: 0.033 loading class java/lang/NullPointerException done
Event: 0.033 loading class java/lang/ArithmeticException
Event: 0.033 loading class java/lang/ArithmeticException done


Dynamic libraries:
0x00007ff6f5710000 - 0x00007ff6f5747000 	C:\Program Files\Java\jdk1.8.0_144\jre\bin\java.exe
0x00007ffd58ac0000 - 0x00007ffd58c6d000 	C:\Windows\SYSTEM32\ntdll.dll
0x00007ffd56820000 - 0x00007ffd5695e000 	C:\Windows\system32\KERNEL32.DLL
0x00007ffd55d50000 - 0x00007ffd55e65000 	C:\Windows\system32\KERNELBASE.dll
0x00007ffd52e50000 - 0x00007ffd52ede000 	C:\Windows\system32\apphelp.dll
0x00007ffd461b0000 - 0x00007ffd46203000 	C:\Windows\AppPatch\AppPatch64\AcGenral.DLL
0x00007ffd58150000 - 0x00007ffd581fa000 	C:\Windows\system32\msvcrt.dll
0x00007ffd55cc0000 - 0x00007ffd55cee000 	C:\Windows\system32\SspiCli.dll
0x00007ffd58750000 - 0x00007ffd587a4000 	C:\Windows\system32\SHLWAPI.dll
0x00007ffd57e90000 - 0x00007ffd58007000 	C:\Windows\system32\USER32.dll
0x00007ffd58920000 - 0x00007ffd58ab4000 	C:\Windows\system32\ole32.dll
0x00007ffd56960000 - 0x00007ffd57e89000 	C:\Windows\system32\SHELL32.dll
0x00007ffd55210000 - 0x00007ffd55231000 	C:\Windows\SYSTEM32\USERENV.dll
0x00007ffd58870000 - 0x00007ffd5891a000 	C:\Windows\system32\ADVAPI32.dll
0x00007ffd4a6c0000 - 0x00007ffd4a6de000 	C:\Windows\SYSTEM32\MPR.dll
0x00007ffd562d0000 - 0x00007ffd56410000 	C:\Windows\system32\RPCRT4.dll
0x00007ffd56410000 - 0x00007ffd56469000 	C:\Windows\SYSTEM32\sechost.dll
0x00007ffd56470000 - 0x00007ffd56682000 	C:\Windows\SYSTEM32\combase.dll
0x00007ffd58270000 - 0x00007ffd583bb000 	C:\Windows\system32\GDI32.dll
0x00007ffd55bf0000 - 0x00007ffd55c05000 	C:\Windows\SYSTEM32\profapi.dll
0x00007ffd54760000 - 0x00007ffd54812000 	C:\Windows\SYSTEM32\SHCORE.dll
0x00007ffd56710000 - 0x00007ffd56746000 	C:\Windows\system32\IMM32.DLL
0x00007ffd56170000 - 0x00007ffd562c1000 	C:\Windows\system32\MSCTF.dll
0x00007ffd538c0000 - 0x00007ffd53b3b000 	C:\Windows\WinSxS\amd64_microsoft.windows.common-controls_6595b64144ccf1df_6.0.9600.18006_none_623f33d3ecbe86e8\COMCTL32.dll
0x000000006b790000 - 0x000000006b862000 	C:\Program Files\Java\jdk1.8.0_144\jre\bin\msvcr100.dll
0x0000000069e10000 - 0x000000006a6ad000 	C:\Program Files\Java\jdk1.8.0_144\jre\bin\server\jvm.dll
0x00007ffd4f6d0000 - 0x00007ffd4f6d9000 	C:\Windows\SYSTEM32\WSOCK32.dll
0x00007ffd53b40000 - 0x00007ffd53b62000 	C:\Windows\SYSTEM32\WINMM.dll
0x00007ffd53b70000 - 0x00007ffd53b7a000 	C:\Windows\SYSTEM32\VERSION.dll
0x00007ffd58010000 - 0x00007ffd58017000 	C:\Windows\system32\PSAPI.DLL
0x00007ffd58020000 - 0x00007ffd5807a000 	C:\Windows\system32\WS2_32.dll
0x00007ffd536d0000 - 0x00007ffd536fa000 	C:\Windows\SYSTEM32\WINMMBASE.dll
0x00007ffd56160000 - 0x00007ffd56169000 	C:\Windows\system32\NSI.dll
0x00007ffd55e70000 - 0x00007ffd55ebf000 	C:\Windows\SYSTEM32\cfgmgr32.dll
0x00007ffd54a00000 - 0x00007ffd54a28000 	C:\Windows\SYSTEM32\DEVOBJ.dll
0x000000006b780000 - 0x000000006b78f000 	C:\Program Files\Java\jdk1.8.0_144\jre\bin\verify.dll
0x000000006b750000 - 0x000000006b779000 	C:\Program Files\Java\jdk1.8.0_144\jre\bin\java.dll
0x00000000679d0000 - 0x00000000679f3000 	C:\Program Files\Java\jdk1.8.0_144\jre\bin\instrument.dll
0x000000006b730000 - 0x000000006b746000 	C:\Program Files\Java\jdk1.8.0_144\jre\bin\zip.dll

VM Arguments:
jvm_args: -javaagent:C:\Users\mickaele\.m2\repository/org/aspectj/aspectjweaver/1.8.11/aspectjweaver-1.8.11.jar -Dcucumber.options=--plugin ru.yandex.qatools.allure.cucumberjvm.AllureReporter 
java_command: C:\Users\mickaele\Google Drive\Main Workspace\MATAutomation\target\surefire\surefirebooter5914547193375691762.jar C:\Users\mickaele\Google Drive\Main Workspace\MATAutomation\target\surefire\surefire7202561261769417272tmp C:\Users\mickaele\Google Drive\Main Workspace\MATAutomation\target\surefire\surefire_0510429810729208977tmp
java_class_path (initial): C:\Users\mickaele\Google Drive\Main Workspace\MATAutomation\target\surefire\surefirebooter5914547193375691762.jar;C:\Users\mickaele\.m2\repository/org/aspectj/aspectjweaver/1.8.11/aspectjweaver-1.8.11.jar
Launcher Type: SUN_STANDARD

Environment Variables:
JAVA_HOME=C:\Program Files\Java\jdk1.8.0_144
PATH=C:\ProgramData\Oracle\Java\javapath;C:\Program Files (x86)\NVIDIA Corporation\PhysX\Common;C:\Program Files (x86)\Intel\iCLS Client;C:\Program Files\Intel\iCLS Client;C:\Windows\system32;C:\Windows;C:\Windows\System32\Wbem;C:\Windows\System32\WindowsPowerShell\v1.0;C:\Program Files\Intel\Intel(R) Management Engine Components\DAL;C:\Program Files\Intel\Intel(R) Management Engine Components\IPT;C:\Program Files (x86)\Intel\Intel(R) Management Engine Components\DAL;C:\Program Files (x86)\Intel\Intel(R) Management Engine Components\IPT;C:\Program Files (x86)\Windows Kits\8.1\Windows Performance Toolkit;C:\Program Files\Microsoft SQL Server\110\Tools\Binn;C:\Program Files\Microsoft SQL Server\120\Tools\Binn;C:\Program Files\Microsoft SQL Server\Client SDK\ODBC\110\Tools\Binn;C:\Program Files (x86)\Microsoft SQL Server\120\Tools\Binn\ManagementStudio;C:\Program Files (x86)\Microsoft SQL Server\120\Tools\Binn;C:\Program Files (x86)\Microsoft SQL Server\120\DTS\Binn;C:\Program Files\Microsoft SQL Server\120\DTS\Binn;C:\Program Files\MongoDB\Server\3.4\bin;C:\Program Files\Java\jdk1.8.0_144\bin;C:\mvn\apache-maven-3.5.0\bin;C:\Program Files\Git\cmd;C:\Users\mickaele\Google Drive\Main Workspace\ffmpeg\bin;C:\cygwin64\bin;C:\Users\mickaele\scoop\shims;C:\Users\mickaele\AppData\Local\Programs\Fiddler
USERNAME=mickaele
OS=Windows_NT
PROCESSOR_IDENTIFIER=Intel64 Family 6 Model 58 Stepping 9, GenuineIntel



---------------  S Y S T E M  ---------------

OS: Windows 8.1 , 64 bit Build 9600 (6.3.9600.17415)

CPU:total 4 (initial active 4) (2 cores per cpu, 2 threads per core) family 6 model 58 stepping 9, cmov, cx8, fxsr, mmx, sse, sse2, sse3, ssse3, sse4.1, sse4.2, popcnt, avx, aes, clmul, erms, ht, tsc, tscinvbit, tscinv

Memory: 4k page, physical 8264984k(604476k free), swap 18504984k(5796k free)

vm_info: Java HotSpot(TM) 64-Bit Server VM (25.144-b01) for windows-amd64 JRE (1.8.0_144-b01), built on Jul 21 2017 21:57:33 by "java_re" with MS VC++ 10.0 (VS2010)

time: Wed Dec 13 01:33:37 2017
elapsed time: 0 seconds (0d 0h 0m 0s)

